<?xml version="1.0" encoding="UTF-8"?>
<robot generator="Robot 4.0.3 (Python 3.7.2 on win32)" generated="20210608 15:27:14.946" rpa="false" schemaversion="2">
<suite id="s1" name="AutomationPractice" source="C:\Users\jnagaram\PycharmProjects\AutomationPractice\Tests\AutomationPractice.robot">
<test id="s1-t1" name="TC:01:Validate the title of the browser page opened">
<kw name="Navigate to the url" library="UserInterface">
<arg>chrome</arg>
<arg>http://automationpractice.com/index.php</arg>
<doc>Open browser</doc>
<kw name="Open Browser" library="SeleniumLibrary">
<arg>${url}</arg>
<arg>${browser}</arg>
<doc>Opens a new browser instance to the given ``url``.</doc>
<msg timestamp="20210608 15:27:15.162" level="INFO">Opening browser 'chrome' to base url 'http://automationpractice.com/index.php'.</msg>
<status status="PASS" starttime="20210608 15:27:15.162" endtime="20210608 15:27:24.634"/>
</kw>
<kw name="Set Window Size" library="SeleniumLibrary">
<arg>width=1920</arg>
<arg>height=1080</arg>
<doc>Sets current windows size to given ``width`` and ``height``.</doc>
<status status="PASS" starttime="20210608 15:27:24.635" endtime="20210608 15:27:24.745"/>
</kw>
<status status="PASS" starttime="20210608 15:27:15.161" endtime="20210608 15:27:24.745"/>
</kw>
<kw name="Get Title" library="SeleniumLibrary">
<var>${title}</var>
<doc>Returns the title of current page.</doc>
<msg timestamp="20210608 15:27:24.750" level="INFO">${title} = My Store</msg>
<status status="PASS" starttime="20210608 15:27:24.746" endtime="20210608 15:27:24.750"/>
</kw>
<kw name="Should Be Equal As Strings" library="BuiltIn">
<arg>${title}</arg>
<arg>My Store</arg>
<doc>Fails if objects are unequal after converting them to strings.</doc>
<status status="PASS" starttime="20210608 15:27:24.750" endtime="20210608 15:27:24.750"/>
</kw>
<doc>Perform navigation to the url and get the title of the browser opened</doc>
<status status="PASS" starttime="20210608 15:27:15.161" endtime="20210608 15:27:24.751"/>
</test>
<test id="s1-t2" name="TC:02:Validate the Search Functionality">
<kw name="Perform Search" library="UserInterface">
<arg>Printed Summer Dress</arg>
<doc>Perform search on the text entered in search area</doc>
<kw name="Wait Until Element Is Visible" library="SeleniumLibrary">
<arg>xpath=${SEARCH_TEXT_AREA}</arg>
<arg>timeout=5sec</arg>
<doc>Waits until element ``locator`` is visible.</doc>
<status status="PASS" starttime="20210608 15:27:24.753" endtime="20210608 15:27:24.779"/>
</kw>
<kw name="Input Text" library="SeleniumLibrary">
<arg>xpath=${SEARCH_TEXT_AREA}</arg>
<arg>${text}</arg>
<doc>Types the given ``text`` into text field identified by ``locator``.</doc>
<msg timestamp="20210608 15:27:24.780" level="INFO">Typing text 'Printed Summer Dress' into text field 'xpath=//input[@id='search_query_top']'.</msg>
<status status="PASS" starttime="20210608 15:27:24.779" endtime="20210608 15:27:24.867"/>
</kw>
<kw name="Wait Until Element Is Visible" library="SeleniumLibrary">
<arg>xpath=${SEARCH_BUTTON}</arg>
<arg>timeout=5sec</arg>
<doc>Waits until element ``locator`` is visible.</doc>
<status status="PASS" starttime="20210608 15:27:24.867" endtime="20210608 15:27:24.906"/>
</kw>
<kw name="Click Button" library="SeleniumLibrary">
<arg>xpath=${SEARCH_BUTTON}</arg>
<doc>Clicks button identified by ``locator``.</doc>
<msg timestamp="20210608 15:27:24.907" level="INFO">Clicking button 'xpath=//button[@name='submit_search']'.</msg>
<status status="PASS" starttime="20210608 15:27:24.907" endtime="20210608 15:27:26.823"/>
</kw>
<status status="PASS" starttime="20210608 15:27:24.753" endtime="20210608 15:27:26.823"/>
</kw>
<kw name="Get the page haeder of the search" library="UserInterface">
<var>${header_text}</var>
<doc>Get the Page Header of the search performed</doc>
<kw name="Wait Until Element Is Visible" library="SeleniumLibrary">
<arg>xpath=${SEARCH_PAGE_HEADER}</arg>
<arg>timeout=5sec</arg>
<doc>Waits until element ``locator`` is visible.</doc>
<status status="PASS" starttime="20210608 15:27:26.825" endtime="20210608 15:27:26.844"/>
</kw>
<kw name="Get Text" library="SeleniumLibrary">
<var>${header}</var>
<arg>xpath=${SEARCH_PAGE_HEADER}</arg>
<doc>Returns the text value of element identified by ``locator``.</doc>
<msg timestamp="20210608 15:27:26.863" level="INFO">${header} = "PRINTED SUMMER DRESS"</msg>
<status status="PASS" starttime="20210608 15:27:26.844" endtime="20210608 15:27:26.863"/>
</kw>
<msg timestamp="20210608 15:27:26.863" level="INFO">${header_text} = "PRINTED SUMMER DRESS"</msg>
<status status="PASS" starttime="20210608 15:27:26.824" endtime="20210608 15:27:26.863"/>
</kw>
<kw name="Should Be Equal As Strings" library="BuiltIn">
<arg>${header_text}</arg>
<arg>"PRINTED SUMMER DRESS"</arg>
<doc>Fails if objects are unequal after converting them to strings.</doc>
<status status="PASS" starttime="20210608 15:27:26.863" endtime="20210608 15:27:26.863"/>
</kw>
<doc>Perform and validate search</doc>
<status status="PASS" starttime="20210608 15:27:24.752" endtime="20210608 15:27:26.864"/>
</test>
<test id="s1-t3" name="TC:03:Validate the cheapest price item is selected">
<kw name="Get the webelement location of a chepeast price item" library="UserInterface">
<var>${location}</var>
<var>${title}</var>
<doc>Get the Cheap price item web element location and title of the item</doc>
<kw name="Wait Until Element Is Visible" library="SeleniumLibrary">
<arg>xpath=${PRODUCT_PRICE}</arg>
<doc>Waits until element ``locator`` is visible.</doc>
<status status="PASS" starttime="20210608 15:27:26.865" endtime="20210608 15:27:26.880"/>
</kw>
<kw name="Sleep" library="BuiltIn">
<arg>5sec</arg>
<doc>Pauses the test executed for the given time.</doc>
<msg timestamp="20210608 15:27:31.882" level="INFO">Slept 5 seconds</msg>
<status status="PASS" starttime="20210608 15:27:26.880" endtime="20210608 15:27:31.882"/>
</kw>
<kw name="Get WebElements" library="SeleniumLibrary">
<var>${value}</var>
<arg>xpath=${PRODUCT_PRICE}</arg>
<doc>Returns list of WebElement objects matching the ``locator``.</doc>
<msg timestamp="20210608 15:27:31.892" level="INFO">${value} = [&lt;selenium.webdriver.remote.webelement.WebElement (session="38390e2f27de4a4c3a35e7ee9f865e2d", element="caa09eb7-b99f-4766-a7ca-5070e5ae9e42")&gt;, &lt;selenium.webdriver.remote.webelement.WebElement (sessi...</msg>
<status status="PASS" starttime="20210608 15:27:31.882" endtime="20210608 15:27:31.892"/>
</kw>
<kw name="Create List" library="BuiltIn">
<var>@{l}</var>
<doc>Returns a list containing given items.</doc>
<msg timestamp="20210608 15:27:31.893" level="INFO">@{l} = [ ]</msg>
<status status="PASS" starttime="20210608 15:27:31.893" endtime="20210608 15:27:31.893"/>
</kw>
<for flavor="IN">
<var>${index}</var>
<value>@{value}</value>
<iter>
<var name="${index}">&lt;selenium.webdriver.remote.webelement.WebElement (session="38390e2f27de4a4c3a35e7ee9f865e2d", element="caa09eb7-b99f-4766-a7ca-5070e5ae9e42")&gt;</var>
<kw name="Get Text" library="SeleniumLibrary">
<var>${text}</var>
<arg>${index}</arg>
<doc>Returns the text value of element identified by ``locator``.</doc>
<msg timestamp="20210608 15:27:31.913" level="INFO">${text} = $28.98</msg>
<status status="PASS" starttime="20210608 15:27:31.894" endtime="20210608 15:27:31.913"/>
</kw>
<kw name="Append To List" library="Collections">
<arg>${l}</arg>
<arg>${text}</arg>
<doc>Adds ``values`` to the end of ``list``.</doc>
<status status="PASS" starttime="20210608 15:27:31.913" endtime="20210608 15:27:31.913"/>
</kw>
<status status="PASS" starttime="20210608 15:27:31.893" endtime="20210608 15:27:31.913"/>
</iter>
<iter>
<var name="${index}">&lt;selenium.webdriver.remote.webelement.WebElement (session="38390e2f27de4a4c3a35e7ee9f865e2d", element="35fa7b60-cf33-4d2a-9ed2-c87a8db9d694")&gt;</var>
<kw name="Get Text" library="SeleniumLibrary">
<var>${text}</var>
<arg>${index}</arg>
<doc>Returns the text value of element identified by ``locator``.</doc>
<msg timestamp="20210608 15:27:31.925" level="INFO">${text} = $30.50</msg>
<status status="PASS" starttime="20210608 15:27:31.913" endtime="20210608 15:27:31.925"/>
</kw>
<kw name="Append To List" library="Collections">
<arg>${l}</arg>
<arg>${text}</arg>
<doc>Adds ``values`` to the end of ``list``.</doc>
<status status="PASS" starttime="20210608 15:27:31.925" endtime="20210608 15:27:31.925"/>
</kw>
<status status="PASS" starttime="20210608 15:27:31.913" endtime="20210608 15:27:31.925"/>
</iter>
<iter>
<var name="${index}">&lt;selenium.webdriver.remote.webelement.WebElement (session="38390e2f27de4a4c3a35e7ee9f865e2d", element="dc2c2bab-660d-441f-a6a6-93db0e614a68")&gt;</var>
<kw name="Get Text" library="SeleniumLibrary">
<var>${text}</var>
<arg>${index}</arg>
<doc>Returns the text value of element identified by ``locator``.</doc>
<msg timestamp="20210608 15:27:31.935" level="INFO">${text} = $16.40</msg>
<status status="PASS" starttime="20210608 15:27:31.926" endtime="20210608 15:27:31.935"/>
</kw>
<kw name="Append To List" library="Collections">
<arg>${l}</arg>
<arg>${text}</arg>
<doc>Adds ``values`` to the end of ``list``.</doc>
<status status="PASS" starttime="20210608 15:27:31.936" endtime="20210608 15:27:31.936"/>
</kw>
<status status="PASS" starttime="20210608 15:27:31.925" endtime="20210608 15:27:31.936"/>
</iter>
<status status="PASS" starttime="20210608 15:27:31.893" endtime="20210608 15:27:31.936"/>
</for>
<kw name="Sort List" library="Collections">
<arg>${l}</arg>
<doc>Sorts the given list in place.</doc>
<status status="PASS" starttime="20210608 15:27:31.936" endtime="20210608 15:27:31.936"/>
</kw>
<kw name="Set Variable" library="BuiltIn">
<var>${min}</var>
<arg>${l}[0]</arg>
<doc>Returns the given values which can then be assigned to a variables.</doc>
<msg timestamp="20210608 15:27:31.936" level="INFO">${min} = $16.40</msg>
<status status="PASS" starttime="20210608 15:27:31.936" endtime="20210608 15:27:31.936"/>
</kw>
<kw name="Replace Variable Data" library="UserInterface">
<var>${cheap_price_location}</var>
<arg>${PRODUCT}</arg>
<arg>${min}</arg>
<doc>This function will replace the FIRST set of Characters ~~~ within the passed data.</doc>
<kw name="Replace String" library="String">
<var>${rtnData}</var>
<arg>${sourceMessage}</arg>
<arg>~~~</arg>
<arg>${replaceData}</arg>
<arg>1</arg>
<doc>Replaces ``search_for`` in the given ``string`` with ``replace_with``.</doc>
<msg timestamp="20210608 15:27:31.937" level="INFO">${rtnData} = //div[@class='product-image-container']/div[@class='content_price']/span[@itemprop='price'][text()[contains(normalize-space(.), '$16.40')]]/parent::div/parent::div/parent::div/parent::div/parent::li</msg>
<status status="PASS" starttime="20210608 15:27:31.937" endtime="20210608 15:27:31.937"/>
</kw>
<msg timestamp="20210608 15:27:31.937" level="INFO">${cheap_price_location} = //div[@class='product-image-container']/div[@class='content_price']/span[@itemprop='price'][text()[contains(normalize-space(.), '$16.40')]]/parent::div/parent::div/parent::div/parent::div/parent::li</msg>
<status status="PASS" starttime="20210608 15:27:31.937" endtime="20210608 15:27:31.937"/>
</kw>
<kw name="Replace Variable Data" library="UserInterface">
<var>${cheap_price_title_location}</var>
<arg>${PRODUCT_TITLE}</arg>
<arg>${min}</arg>
<doc>This function will replace the FIRST set of Characters ~~~ within the passed data.</doc>
<kw name="Replace String" library="String">
<var>${rtnData}</var>
<arg>${sourceMessage}</arg>
<arg>~~~</arg>
<arg>${replaceData}</arg>
<arg>1</arg>
<doc>Replaces ``search_for`` in the given ``string`` with ``replace_with``.</doc>
<msg timestamp="20210608 15:27:31.938" level="INFO">${rtnData} = //div[@class='product-image-container']/div[@class='content_price']/span[@itemprop='price'][text()[contains(normalize-space(.), '$16.40')]]/parent::div/parent::div/a</msg>
<status status="PASS" starttime="20210608 15:27:31.938" endtime="20210608 15:27:31.939"/>
</kw>
<msg timestamp="20210608 15:27:31.939" level="INFO">${cheap_price_title_location} = //div[@class='product-image-container']/div[@class='content_price']/span[@itemprop='price'][text()[contains(normalize-space(.), '$16.40')]]/parent::div/parent::div/a</msg>
<status status="PASS" starttime="20210608 15:27:31.938" endtime="20210608 15:27:31.939"/>
</kw>
<kw name="Get Element Attribute" library="SeleniumLibrary">
<var>${cheap_price_item_title}</var>
<arg>${cheap_price_title_location}</arg>
<arg>title</arg>
<doc>Returns value of ``attribute`` from element ``locator``.</doc>
<msg timestamp="20210608 15:27:31.955" level="INFO">${cheap_price_item_title} = Printed Chiffon Dress</msg>
<status status="PASS" starttime="20210608 15:27:31.939" endtime="20210608 15:27:31.955"/>
</kw>
<msg timestamp="20210608 15:27:31.956" level="INFO">${location} = //div[@class='product-image-container']/div[@class='content_price']/span[@itemprop='price'][text()[contains(normalize-space(.), '$16.40')]]/parent::div/parent::div/parent::div/parent::div/parent::li</msg>
<msg timestamp="20210608 15:27:31.956" level="INFO">${title} = Printed Chiffon Dress</msg>
<status status="PASS" starttime="20210608 15:27:26.865" endtime="20210608 15:27:31.956"/>
</kw>
<kw name="Click Element" library="SeleniumLibrary">
<arg>xpath=${location}</arg>
<doc>Click element identified by ``locator``.</doc>
<msg timestamp="20210608 15:27:31.956" level="INFO">Clicking element 'xpath=//div[@class='product-image-container']/div[@class='content_price']/span[@itemprop='price'][text()[contains(normalize-space(.), '$16.40')]]/parent::div/parent::div/parent::div/parent::div/parent::li'.</msg>
<status status="PASS" starttime="20210608 15:27:31.956" endtime="20210608 15:27:35.414"/>
</kw>
<kw name="Get Text" library="SeleniumLibrary">
<var>${asserted_value}</var>
<arg>${PRODUCT_NAME}</arg>
<doc>Returns the text value of element identified by ``locator``.</doc>
<msg timestamp="20210608 15:27:35.435" level="INFO">${asserted_value} = Printed Chiffon Dress</msg>
<status status="PASS" starttime="20210608 15:27:35.414" endtime="20210608 15:27:35.435"/>
</kw>
<kw name="Should Be Equal As Strings" library="BuiltIn">
<arg>${title}</arg>
<arg>${asserted_value}</arg>
<doc>Fails if objects are unequal after converting them to strings.</doc>
<status status="PASS" starttime="20210608 15:27:35.435" endtime="20210608 15:27:35.435"/>
</kw>
<doc>Perform and validate selection cheapest price item from the list of items</doc>
<status status="PASS" starttime="20210608 15:27:26.864" endtime="20210608 15:27:35.436"/>
</test>
<test id="s1-t4" name="TC:04:Validate the quantity changed from 1 to 2">
<kw name="Get Text Before clicking plus icon" library="UserInterface">
<var>${before_value}</var>
<doc>Get the value in the webelement location</doc>
<kw name="Wait Until Element Is Visible" library="SeleniumLibrary">
<arg>xpath=${QUANTITY_WANTED}</arg>
<doc>Waits until element ``locator`` is visible.</doc>
<status status="PASS" starttime="20210608 15:27:35.437" endtime="20210608 15:27:35.460"/>
</kw>
<kw name="Get Element Attribute" library="SeleniumLibrary">
<var>${value}</var>
<arg>xpath=${QUANTITY_WANTED}</arg>
<arg>value</arg>
<doc>Returns value of ``attribute`` from element ``locator``.</doc>
<msg timestamp="20210608 15:27:35.470" level="INFO">${value} = 1</msg>
<status status="PASS" starttime="20210608 15:27:35.460" endtime="20210608 15:27:35.470"/>
</kw>
<msg timestamp="20210608 15:27:35.470" level="INFO">${before_value} = 1</msg>
<status status="PASS" starttime="20210608 15:27:35.437" endtime="20210608 15:27:35.470"/>
</kw>
<kw name="Get Text After clicking on plus icon" library="UserInterface">
<var>${After_value}</var>
<doc>Get the value in the webelement location</doc>
<kw name="Wait Until Element Is Visible" library="SeleniumLibrary">
<arg>xpath=${PLUS_ICON}</arg>
<doc>Waits until element ``locator`` is visible.</doc>
<status status="PASS" starttime="20210608 15:27:35.471" endtime="20210608 15:27:35.489"/>
</kw>
<kw name="Click Element" library="SeleniumLibrary">
<arg>xpath=${PLUS_ICON}</arg>
<doc>Click element identified by ``locator``.</doc>
<msg timestamp="20210608 15:27:35.490" level="INFO">Clicking element 'xpath=//i[@class='icon-plus']'.</msg>
<status status="PASS" starttime="20210608 15:27:35.489" endtime="20210608 15:27:35.546"/>
</kw>
<kw name="Wait Until Element Is Visible" library="SeleniumLibrary">
<arg>xpath=${QUANTITY_WANTED}</arg>
<doc>Waits until element ``locator`` is visible.</doc>
<status status="PASS" starttime="20210608 15:27:35.546" endtime="20210608 15:27:35.559"/>
</kw>
<kw name="Get Element Attribute" library="SeleniumLibrary">
<var>${value}</var>
<arg>xpath=${QUANTITY_WANTED}</arg>
<arg>value</arg>
<doc>Returns value of ``attribute`` from element ``locator``.</doc>
<msg timestamp="20210608 15:27:35.568" level="INFO">${value} = 2</msg>
<status status="PASS" starttime="20210608 15:27:35.559" endtime="20210608 15:27:35.568"/>
</kw>
<msg timestamp="20210608 15:27:35.569" level="INFO">${After_value} = 2</msg>
<status status="PASS" starttime="20210608 15:27:35.470" endtime="20210608 15:27:35.569"/>
</kw>
<kw name="Should Be Equal As Integers" library="BuiltIn">
<arg>${After_value}</arg>
<arg>2</arg>
<doc>Fails if objects are unequal after converting them to integers.</doc>
<status status="PASS" starttime="20210608 15:27:35.569" endtime="20210608 15:27:35.569"/>
</kw>
<doc>Perform and validate changing the quantity value of the item selected</doc>
<status status="PASS" starttime="20210608 15:27:35.436" endtime="20210608 15:27:35.569"/>
</test>
<test id="s1-t5" name="TC05:Validate the modified value of the size">
<kw name="Select a value from a size dropdown list" library="UserInterface">
<var>${size_selected}</var>
<arg>M</arg>
<doc>Select a value in the dropdown by label</doc>
<kw name="Wait Until Page Contains Element" library="SeleniumLibrary">
<arg>xpath=${SIZE_DROPDOWN}</arg>
<arg>20sec</arg>
<doc>Waits until element ``locator`` appears on current page.</doc>
<status status="PASS" starttime="20210608 15:27:35.571" endtime="20210608 15:27:35.581"/>
</kw>
<kw name="Select From List By Label" library="SeleniumLibrary">
<arg>xpath=${SIZE_DROPDOWN}</arg>
<arg>${label}</arg>
<doc>Selects options from selection list ``locator`` by ``labels``.</doc>
<msg timestamp="20210608 15:27:35.582" level="INFO">Selecting options from selection list 'xpath=//div[@class='attribute_list']/div[@id='uniform-group_1']/select' by label M.</msg>
<status status="PASS" starttime="20210608 15:27:35.582" endtime="20210608 15:27:35.664"/>
</kw>
<kw name="Get Selected List Label" library="SeleniumLibrary">
<var>${value}</var>
<arg>xpath=${SIZE_DROPDOWN}</arg>
<doc>Returns label of selected option from selection list ``locator``.</doc>
<msg timestamp="20210608 15:27:35.714" level="INFO">${value} = M</msg>
<status status="PASS" starttime="20210608 15:27:35.664" endtime="20210608 15:27:35.715"/>
</kw>
<msg timestamp="20210608 15:27:35.715" level="INFO">${size_selected} = M</msg>
<status status="PASS" starttime="20210608 15:27:35.571" endtime="20210608 15:27:35.715"/>
</kw>
<kw name="Should Be Equal As Strings" library="BuiltIn">
<arg>${size_selected}</arg>
<arg>M</arg>
<doc>Fails if objects are unequal after converting them to strings.</doc>
<status status="PASS" starttime="20210608 15:27:35.715" endtime="20210608 15:27:35.715"/>
</kw>
<doc>Perform and validate the change in size of the cheapest price item selected earlier</doc>
<status status="PASS" starttime="20210608 15:27:35.570" endtime="20210608 15:27:35.716"/>
</test>
<test id="s1-t6" name="TC:06:Change the colour to Green">
<kw name="Select the color" library="UserInterface">
<arg>Green</arg>
<doc>Perform color selection</doc>
<kw name="Replace Variable Data" library="UserInterface">
<var>${xpathData}</var>
<arg>${COLOUR_SELECT}</arg>
<arg>${COLOR}</arg>
<doc>This function will replace the FIRST set of Characters ~~~ within the passed data.</doc>
<kw name="Replace String" library="String">
<var>${rtnData}</var>
<arg>${sourceMessage}</arg>
<arg>~~~</arg>
<arg>${replaceData}</arg>
<arg>1</arg>
<doc>Replaces ``search_for`` in the given ``string`` with ``replace_with``.</doc>
<msg timestamp="20210608 15:27:35.718" level="INFO">${rtnData} = //ul[@id='color_to_pick_list']/li/a[@name='Green']</msg>
<status status="PASS" starttime="20210608 15:27:35.718" endtime="20210608 15:27:35.718"/>
</kw>
<msg timestamp="20210608 15:27:35.718" level="INFO">${xpathData} = //ul[@id='color_to_pick_list']/li/a[@name='Green']</msg>
<status status="PASS" starttime="20210608 15:27:35.717" endtime="20210608 15:27:35.718"/>
</kw>
<kw name="Wait Until Element Is Visible" library="SeleniumLibrary">
<arg>xpath=${xpathData}</arg>
<doc>Waits until element ``locator`` is visible.</doc>
<status status="PASS" starttime="20210608 15:27:35.718" endtime="20210608 15:27:35.738"/>
</kw>
<kw name="Click Element" library="SeleniumLibrary">
<arg>xpath=${xpathData}</arg>
<doc>Click element identified by ``locator``.</doc>
<msg timestamp="20210608 15:27:35.739" level="INFO">Clicking element 'xpath=//ul[@id='color_to_pick_list']/li/a[@name='Green']'.</msg>
<status status="PASS" starttime="20210608 15:27:35.739" endtime="20210608 15:27:35.789"/>
</kw>
<status status="PASS" starttime="20210608 15:27:35.717" endtime="20210608 15:27:35.789"/>
</kw>
<kw name="Sleep" library="BuiltIn">
<arg>5sec</arg>
<doc>Pauses the test executed for the given time.</doc>
<msg timestamp="20210608 15:27:40.790" level="INFO">Slept 5 seconds</msg>
<status status="PASS" starttime="20210608 15:27:35.789" endtime="20210608 15:27:40.790"/>
</kw>
<kw name="Get Element Attribute" library="SeleniumLibrary">
<var>${color_selected}</var>
<arg>xpath=${COLOUR_SELECTED}</arg>
<arg>name</arg>
<doc>Returns value of ``attribute`` from element ``locator``.</doc>
<msg timestamp="20210608 15:27:40.805" level="INFO">${color_selected} = Green</msg>
<status status="PASS" starttime="20210608 15:27:40.790" endtime="20210608 15:27:40.805"/>
</kw>
<kw name="Should Be Equal As Strings" library="BuiltIn">
<arg>${color_selected}</arg>
<arg>Green</arg>
<doc>Fails if objects are unequal after converting them to strings.</doc>
<status status="PASS" starttime="20210608 15:27:40.806" endtime="20210608 15:27:40.806"/>
</kw>
<doc>Perform and validate of the colour change</doc>
<status status="PASS" starttime="20210608 15:27:35.716" endtime="20210608 15:27:40.806"/>
</test>
<test id="s1-t7" name="TC:07:Validate item added to cart">
<kw name="Click on Add to Cart button" library="UserInterface">
<doc>Perform click on Add to Cart Button and wait for the success message</doc>
<kw name="Wait Until Element Is Visible" library="SeleniumLibrary">
<arg>xpath=${ADD_TO_CART}</arg>
<doc>Waits until element ``locator`` is visible.</doc>
<status status="PASS" starttime="20210608 15:27:40.808" endtime="20210608 15:27:40.826"/>
</kw>
<kw name="Click Element" library="SeleniumLibrary">
<arg>xpath=${ADD_TO_CART}</arg>
<doc>Click element identified by ``locator``.</doc>
<msg timestamp="20210608 15:27:40.826" level="INFO">Clicking element 'xpath=//span[text()='Add to cart']'.</msg>
<status status="PASS" starttime="20210608 15:27:40.826" endtime="20210608 15:27:40.874"/>
</kw>
<kw name="Sleep" library="BuiltIn">
<arg>15sec</arg>
<doc>Pauses the test executed for the given time.</doc>
<msg timestamp="20210608 15:27:55.877" level="INFO">Slept 15 seconds</msg>
<status status="PASS" starttime="20210608 15:27:40.874" endtime="20210608 15:27:55.877"/>
</kw>
<kw name="Wait Until Element Is Visible" library="SeleniumLibrary">
<arg>xpath=${SUCCESS_MESSAGE}</arg>
<doc>Waits until element ``locator`` is visible.</doc>
<status status="PASS" starttime="20210608 15:27:55.877" endtime="20210608 15:27:55.898"/>
</kw>
<status status="PASS" starttime="20210608 15:27:40.808" endtime="20210608 15:27:55.898"/>
</kw>
<doc>Perform clicking on the add to cart button</doc>
<status status="PASS" starttime="20210608 15:27:40.807" endtime="20210608 15:27:55.899"/>
</test>
<test id="s1-t8" name="TC:08:Validate the checkout">
<kw name="Click on Checkout Button" library="UserInterface">
<doc>Perform click on Proceed to checkout button and wait for the header</doc>
<kw name="Wait Until Element Is Visible" library="SeleniumLibrary">
<arg>xpath=${CHECK_OUT}</arg>
<doc>Waits until element ``locator`` is visible.</doc>
<status status="PASS" starttime="20210608 15:27:55.900" endtime="20210608 15:27:55.937"/>
</kw>
<kw name="Click Element" library="SeleniumLibrary">
<arg>xpath=${CHECK_OUT}</arg>
<doc>Click element identified by ``locator``.</doc>
<msg timestamp="20210608 15:27:55.937" level="INFO">Clicking element 'xpath=//span[text()[contains(normalize-space(.),'Proceed to checkout')]]'.</msg>
<status status="PASS" starttime="20210608 15:27:55.937" endtime="20210608 15:27:58.787"/>
</kw>
<kw name="Sleep" library="BuiltIn">
<arg>5sec</arg>
<doc>Pauses the test executed for the given time.</doc>
<msg timestamp="20210608 15:28:03.789" level="INFO">Slept 5 seconds</msg>
<status status="PASS" starttime="20210608 15:27:58.787" endtime="20210608 15:28:03.789"/>
</kw>
<kw name="Wait Until Element Is Visible" library="SeleniumLibrary">
<arg>xpath=${SUMMARY_HEADER}</arg>
<doc>Waits until element ``locator`` is visible.</doc>
<status status="PASS" starttime="20210608 15:28:03.789" endtime="20210608 15:28:03.807"/>
</kw>
<status status="PASS" starttime="20210608 15:27:55.900" endtime="20210608 15:28:03.807"/>
</kw>
<kw name="Get Title" library="SeleniumLibrary">
<var>${title}</var>
<doc>Returns the title of current page.</doc>
<msg timestamp="20210608 15:28:03.811" level="INFO">${title} = Order - My Store</msg>
<status status="PASS" starttime="20210608 15:28:03.807" endtime="20210608 15:28:03.811"/>
</kw>
<kw name="Should Be Equal As Strings" library="BuiltIn">
<arg>${title}</arg>
<arg>Order - My Store</arg>
<doc>Fails if objects are unequal after converting them to strings.</doc>
<status status="PASS" starttime="20210608 15:28:03.811" endtime="20210608 15:28:03.811"/>
</kw>
<doc>Perform and validate the proceed to checkout</doc>
<status status="PASS" starttime="20210608 15:27:55.900" endtime="20210608 15:28:03.812"/>
</test>
<test id="s1-t9" name="TC:09:Validate the total price">
<kw name="Get the total price" library="UserInterface">
<var>${value}</var>
<doc>Get the total price from the order screen</doc>
<kw name="Wait Until Element Is Visible" library="SeleniumLibrary">
<arg>xpath=${TOTAL_PRICE}</arg>
<doc>Waits until element ``locator`` is visible.</doc>
<status status="PASS" starttime="20210608 15:28:03.813" endtime="20210608 15:28:03.829"/>
</kw>
<kw name="Get Text" library="SeleniumLibrary">
<var>${value}</var>
<arg>xpath=${TOTAL_PRICE}</arg>
<doc>Returns the text value of element identified by ``locator``.</doc>
<msg timestamp="20210608 15:28:03.845" level="INFO">${value} = $34.80</msg>
<status status="PASS" starttime="20210608 15:28:03.829" endtime="20210608 15:28:03.845"/>
</kw>
<msg timestamp="20210608 15:28:03.846" level="INFO">${value} = $34.80</msg>
<status status="PASS" starttime="20210608 15:28:03.813" endtime="20210608 15:28:03.846"/>
</kw>
<kw name="Should Be Equal" library="BuiltIn">
<arg>${value}</arg>
<arg>$34.80</arg>
<doc>Fails if the given objects are unequal.</doc>
<status status="PASS" starttime="20210608 15:28:03.846" endtime="20210608 15:28:03.847"/>
</kw>
<doc>Perform and validate the total price</doc>
<status status="PASS" starttime="20210608 15:28:03.812" endtime="20210608 15:28:03.847"/>
</test>
<test id="s1-t10" name="CloseDown">
<kw name="Close Browser" library="SeleniumLibrary">
<doc>Closes the current browser.</doc>
<status status="PASS" starttime="20210608 15:28:03.849" endtime="20210608 15:28:06.113"/>
</kw>
<doc>Perform the logout and close Browser function.</doc>
<status status="PASS" starttime="20210608 15:28:03.848" endtime="20210608 15:28:06.113"/>
</test>
<doc>Test suite validate the Placing an order for cheapest price item</doc>
<status status="PASS" starttime="20210608 15:27:14.948" endtime="20210608 15:28:06.115"/>
</suite>
<statistics>
<total>
<stat pass="10" fail="0" skip="0">All Tests</stat>
</total>
<tag>
</tag>
<suite>
<stat pass="10" fail="0" skip="0" id="s1" name="AutomationPractice">AutomationPractice</stat>
</suite>
</statistics>
<errors>
</errors>
</robot>
